0 info it worked if it ends with ok
1 verbose cli [ 'C:\\Program Files (x86)\\nodejs\\\\node.exe',
1 verbose cli   'C:\\Program Files (x86)\\nodejs\\node_modules\\npm\\bin\\npm-cli.js',
1 verbose cli   'run',
1 verbose cli   'build' ]
2 info using npm@2.7.4
3 info using node@v0.12.2
4 verbose node symlink C:\Program Files (x86)\nodejs\\node.exe
5 verbose run-script [ 'prebuild', 'build', 'postbuild' ]
6 info prebuild portfolio-design@0.1.0
7 info build portfolio-design@0.1.0
8 verbose unsafe-perm in lifecycle true
9 info portfolio-design@0.1.0 Failed to exec build script
10 verbose stack Error: portfolio-design@0.1.0 build: `vite build`
10 verbose stack Exit status 1
10 verbose stack     at EventEmitter.<anonymous> (C:\Program Files (x86)\nodejs\node_modules\npm\lib\utils\lifecycle.js:213:16)
10 verbose stack     at EventEmitter.emit (events.js:110:17)
10 verbose stack     at ChildProcess.<anonymous> (C:\Program Files (x86)\nodejs\node_modules\npm\lib\utils\spawn.js:14:12)
10 verbose stack     at ChildProcess.emit (events.js:110:17)
10 verbose stack     at maybeClose (child_process.js:1015:16)
10 verbose stack     at Process.ChildProcess._handle.onexit (child_process.js:1087:5)
11 verbose pkgid portfolio-design@0.1.0
12 verbose cwd C:\Users\USER\Desktop\אלון עבודה\portfolio
13 error Windows_NT 6.3.9600
14 error argv "C:\\Program Files (x86)\\nodejs\\\\node.exe" "C:\\Program Files (x86)\\nodejs\\node_modules\\npm\\bin\\npm-cli.js" "run" "build"
15 error node v0.12.2
16 error npm  v2.7.4
17 error code ELIFECYCLE
18 error portfolio-design@0.1.0 build: `vite build`
18 error Exit status 1
19 error Failed at the portfolio-design@0.1.0 build script 'vite build'.
19 error This is most likely a problem with the portfolio-design package,
19 error not with npm itself.
19 error Tell the author that this fails on your system:
19 error     vite build
19 error You can get their info via:
19 error     npm owner ls portfolio-design
19 error There is likely additional logging output above.
20 verbose exit [ 1, true ]
